
> build
> react-router build

[36mvite v6.4.1 [32mbuilding for production...[36m[39m
transforming...
[32mΓ£ô[39m 2314 modules transformed.
rendering chunks...
computing gzip size...
[2mbuild/client/[22m[32m.vite/manifest.json                      [39m[1m[2m  8.27 kB[22m[1m[22m[2m Γöé gzip:   1.07 kB[22m
[2mbuild/client/[22m[35massets/root-CGoKfmma.css                 [39m[1m[2m 35.85 kB[22m[1m[22m[2m Γöé gzip:   7.12 kB[22m
[2mbuild/client/[22m[36massets/arrow-right-BHzxkxPK.js           [39m[1m[2m  0.36 kB[22m[1m[22m[2m Γöé gzip:   0.28 kB[22m
[2mbuild/client/[22m[36massets/circle-check-H7HoN_s-.js          [39m[1m[2m  0.38 kB[22m[1m[22m[2m Γöé gzip:   0.29 kB[22m
[2mbuild/client/[22m[36massets/info-CoQ8dDWD.js                  [39m[1m[2m  0.40 kB[22m[1m[22m[2m Γöé gzip:   0.29 kB[22m
[2mbuild/client/[22m[36massets/globe-CiHkLvac.js                 [39m[1m[2m  0.44 kB[22m[1m[22m[2m Γöé gzip:   0.31 kB[22m
[2mbuild/client/[22m[36massets/circle-alert-athgIJgz.js          [39m[1m[2m  0.45 kB[22m[1m[22m[2m Γöé gzip:   0.30 kB[22m
[2mbuild/client/[22m[36massets/wallet-D3d00vL6.js                [39m[1m[2m  0.45 kB[22m[1m[22m[2m Γöé gzip:   0.32 kB[22m
[2mbuild/client/[22m[36massets/users-COvHsd3R.js                 [39m[1m[2m  0.50 kB[22m[1m[22m[2m Γöé gzip:   0.34 kB[22m
[2mbuild/client/[22m[36massets/accessibility-BsvHKKf9.js         [39m[1m[2m  0.54 kB[22m[1m[22m[2m Γöé gzip:   0.37 kB[22m
[2mbuild/client/[22m[36massets/unlink-2-D8oH3Esx.js              [39m[1m[2m  2.06 kB[22m[1m[22m[2m Γöé gzip:   0.56 kB[22m
[2mbuild/client/[22m[36massets/useMutation-Djh6Z86E.js           [39m[1m[2m  2.65 kB[22m[1m[22m[2m Γöé gzip:   1.04 kB[22m
[2mbuild/client/[22m[36massets/PolymorphicComponent-DT0S8o22.js  [39m[1m[2m  3.70 kB[22m[1m[22m[2m Γöé gzip:   1.38 kB[22m
[2mbuild/client/[22m[36massets/page-CdBQsh80.js                  [39m[1m[2m  4.28 kB[22m[1m[22m[2m Γöé gzip:   1.78 kB[22m
[2mbuild/client/[22m[36massets/not-found-BrJLF9pY.js             [39m[1m[2m  6.08 kB[22m[1m[22m[2m Γöé gzip:   2.17 kB[22m
[2mbuild/client/[22m[36massets/page-CdCse0Fj.js                  [39m[1m[2m  7.12 kB[22m[1m[22m[2m Γöé gzip:   2.49 kB[22m
[2mbuild/client/[22m[36massets/react-CHcjWPr1.js                 [39m[1m[2m  7.17 kB[22m[1m[22m[2m Γöé gzip:   2.79 kB[22m
[2mbuild/client/[22m[36massets/entry.client-CfFKE_y5.js          [39m[1m[2m  7.33 kB[22m[1m[22m[2m Γöé gzip:   2.70 kB[22m
[2mbuild/client/[22m[36massets/page-BdnbSPf7.js                  [39m[1m[2m  7.43 kB[22m[1m[22m[2m Γöé gzip:   2.42 kB[22m
[2mbuild/client/[22m[36massets/page-N5s3PVM0.js                  [39m[1m[2m  9.27 kB[22m[1m[22m[2m Γöé gzip:   3.05 kB[22m
[2mbuild/client/[22m[36massets/page-C9_pf98q.js                  [39m[1m[2m  9.98 kB[22m[1m[22m[2m Γöé gzip:   3.20 kB[22m
[2mbuild/client/[22m[36massets/useQuery-DatOWMLN.js              [39m[1m[2m 10.25 kB[22m[1m[22m[2m Γöé gzip:   3.33 kB[22m
[2mbuild/client/[22m[36massets/layout-CqjdMATk.js                [39m[1m[2m 10.55 kB[22m[1m[22m[2m Γöé gzip:   3.09 kB[22m
[2mbuild/client/[22m[36massets/page-BZnMUbVr.js                  [39m[1m[2m 17.36 kB[22m[1m[22m[2m Γöé gzip:   4.68 kB[22m
[2mbuild/client/[22m[36massets/page-BLJWP5mN.js                  [39m[1m[2m 21.14 kB[22m[1m[22m[2m Γöé gzip:   5.96 kB[22m
[2mbuild/client/[22m[36massets/page-BXeUjEpv.js                  [39m[1m[2m 24.22 kB[22m[1m[22m[2m Γöé gzip:   6.19 kB[22m
[2mbuild/client/[22m[36massets/layout-CvB2FlA8.js                [39m[1m[2m 28.69 kB[22m[1m[22m[2m Γöé gzip:   7.66 kB[22m
[2mbuild/client/[22m[36massets/root-CQKDUBm3.js                  [39m[1m[2m 54.30 kB[22m[1m[22m[2m Γöé gzip:  16.47 kB[22m
[2mbuild/client/[22m[36massets/chunk-LFPYN7LY-BscOGDLI.js        [39m[1m[2m125.47 kB[22m[1m[22m[2m Γöé gzip:  42.01 kB[22m
[2mbuild/client/[22m[36massets/index-D0w4CeeW.js                 [39m[1m[2m135.05 kB[22m[1m[22m[2m Γöé gzip:  43.32 kB[22m
[2mbuild/client/[22m[36massets/PieChart-CtNjnsvy.js              [39m[1m[2m474.97 kB[22m[1m[22m[2m Γöé gzip: 107.50 kB[22m
[32mΓ£ô built in 25.21s[39m
[36mvite v6.4.1 [32mbuilding SSR bundle for production...[36m[39m
[32mΓ£ô[39m 0 modules transformed.
node.exe : [31mΓ£ù[39m 
Build failed in 72ms
At line:1 char:1
+ & "C:\Program 
Files\nodejs/node.exe" 
"C:\Program 
Files\nodejs/node_mo ...
+ ~~~~~~~~~~~~~~~~~~~~~~~~~
~~~~~~~~~~~~~~~~~~~~~~~~~~~
~~~~~~~~~~~~~~~~~
    + CategoryInfo         
     : NotSpecified: ([3  
  1mΓ£ù[39m Build faile   
 d in 72ms:String) [],     
RemoteException
    + FullyQualifiedErrorI 
   d : NativeCommandError
 
[31m[vite:esbuild] 
Transform failed with 1 
error:
D:/APLIKASI/RTLH/apps/web/_
_create/index.ts:277:5: 
ERROR: Expected ";" but 
found ")"[39m
file: [36mD:/APLIKASI/RTLH
/apps/web/__create/index.ts
:277:5[39m
[33m
[33mExpected ";" but 
found ")"[33m
275|          }),
276|        ],
277|      }))
   |       ^
278|    );
279|    log('Auth.js 
middleware initialized.');
[39m
    at failureErrorWithLog 
(D:\APLIKASI\RTLH\apps\web\
node_modules\esbuild\lib\ma
in.js:1467:15)
    at D:\APLIKASI\RTLH\app
s\web\node_modules\esbuild\
lib\main.js:736:50
    at responseCallbacks.<c
omputed> (D:\APLIKASI\RTLH\
apps\web\node_modules\esbui
ld\lib\main.js:603:9)
    at 
handleIncomingPacket (D:\AP
LIKASI\RTLH\apps\web\node_m
odules\esbuild\lib\main.js:
658:12)
    at 
Socket.readFromStdout (D:\A
PLIKASI\RTLH\apps\web\node_
modules\esbuild\lib\main.js
:581:7)
    at Socket.emit 
(node:events:508:28)
    at addChunk (node:inter
nal/streams/readable:563:12
)
    at readableAddChunkPush
ByteMode (node:internal/str
eams/readable:514:3)
    at 
Socket.Readable.push (node:
internal/streams/readable:3
94:5)
    at Pipe.onStreamRead (n
ode:internal/stream_base_co
mmons:189:23) {
  errors: [Getter/Setter],
  warnings: 
[Getter/Setter],
  frame: '\n' +
    '\x1B[33mExpected ";" 
but found ")"\x1B[39m\n' +
    '275|          }),\n' +
    '276|        ],\n' +
    '277|      }))\n' +
    '   |       ^\n' +
    '278|    );\n' +
    "279|    log('Auth.js 
middleware 
initialized.');\n",
  loc: {
    column: 5,
    file: 'D:/APLIKASI/RTLH
/apps/web/__create/index.ts
',
    length: 1,
    line: 277,
    lineText: '    }))',
    namespace: '',
    suggestion: ';'
  },
  code: 'PLUGIN_ERROR',
  plugin: 'vite:esbuild',
  hook: 'transform',
  id: 'D:/APLIKASI/RTLH/app
s/web/__create/index.ts',
  watchFiles: [
    'D:\\APLIKASI\\RTLH\\ap
ps\\web\\package.json',
    'D:/APLIKASI/RTLH/apps/
web/__create/index.ts'
  ]
}
