
> dev
> react-router dev

Port 4000 is in use, trying another one...
  [32mΓ₧£[39m  [1mLocal[22m:   [36mhttp://localhost:[1m4001[22m/[39m
  [32mΓ₧£[39m  [1mNetwork[22m: [36mhttp://10.200.145.47:[1m4001[22m/[39m
[2m[32m  Γ₧£[39m[22m[2m  press [22m[1mh + enter[22m[2m to show help[22m
node.exe : 
[2m15.26.27[22m 
[31m[1m[vite][22m[39m 
[31m[2m(ssr)[22m[39m 
[31mError when evaluating 
SSR module 
./__create/index.ts: 
Cannot find package 'hono' 
imported from D:\APLIKASI\R
TLH\apps\web\node_modules\@
hono\auth-js\dist\index.js
[39m
At line:1 char:1
+ & "C:\Program 
Files\nodejs/node.exe" 
"C:\Program 
Files\nodejs/node_mo ...
+ ~~~~~~~~~~~~~~~~~~~~~~~~~
~~~~~~~~~~~~~~~~~~~~~~~~~~~
~~~~~~~~~~~~~~~~~
    + CategoryInfo         
     : NotSpecified    : 
([2m15.26.27[2.    
..t\index.js[39m:S    
tring) [], RemoteEx    
ception
    + FullyQualifiedErr    
orId : NativeComman    
dError
 
      at 
Object.getPackageJSONURL (n
ode:internal/modules/packag
e_json_reader:301:9)
      at packageResolve (no
de:internal/modules/esm/res
olve:768:81)
      at moduleResolve (nod
e:internal/modules/esm/reso
lve:859:18)
      at defaultResolve (no
de:internal/modules/esm/res
olve:991:11)
      at ModuleLoader.#cach
edDefaultResolve (node:inte
rnal/modules/esm/loader:719
:20)
      at ModuleLoader.#reso
lveAndMaybeBlockOnLoaderThr
ead (node:internal/modules/
esm/loader:736:38)
      at 
ModuleLoader.resolveSync (n
ode:internal/modules/esm/lo
ader:765:52)
      at 
ModuleLoader.#resolve (node
:internal/modules/esm/loade
r:701:17)
      at ModuleLoader.getOr
CreateModuleJob (node:inter
nal/modules/esm/loader:621:
35)
      at 
ModuleJob.syncLink (node:in
ternal/modules/esm/module_j
ob:160:33)
      at ModuleJob.link (no
de:internal/modules/esm/mod
ule_job:245:17)
      at new ModuleJob (nod
e:internal/modules/esm/modu
le_job:224:26)
      at ModuleLoader.#getO
rCreateModuleJobAfterResolv
e (node:internal/modules/es
m/loader:590:11)
      at afterResolve (node
:internal/modules/esm/loade
r:625:52)
      at ModuleLoader.getOr
CreateModuleJob (node:inter
nal/modules/esm/loader:631:
12)
      at onImport.traceProm
ise.__proto__ (node:interna
l/modules/esm/loader:650:32
)
      at TracingChannel.tra
cePromise (node:diagnostics
_channel:350:14)
      at 
ModuleLoader.import (node:i
nternal/modules/esm/loader:
646:21)
      at defaultImportModul
eDynamicallyForModule (node
:internal/modules/esm/utils
:225:31)
      at importModuleDynami
callyCallback (node:interna
l/modules/esm/utils:267:12)
      at ESModulesEvaluator
.runExternalModule (file://
/D:/APLIKASI/RTLH/apps/web/
node_modules/vite/dist/node
/module-runner.js:1079:19)
      at SSRCompatModuleRun
ner.directRequest (file:///
D:/APLIKASI/RTLH/apps/web/n
ode_modules/vite/dist/node/
module-runner.js:1233:45)
      at SSRCompatModuleRun
ner.directRequest (file:///
D:/APLIKASI/RTLH/apps/web/n
ode_modules/vite/dist/node/
chunks/dep-D4NMHUTW.js:2527
1:20)
      at SSRCompatModuleRun
ner.cachedRequest (file:///
D:/APLIKASI/RTLH/apps/web/n
ode_modules/vite/dist/node/
module-runner.js:1179:28)
      at request (file:///D
:/APLIKASI/RTLH/apps/web/no
de_modules/vite/dist/node/m
odule-runner.js:1228:79)
      at eval (D:/APLIKASI/
RTLH/apps/web/__create/inde
x.ts:8:31)
      at ESModulesEvaluator
.runInlinedModule (file:///
D:/APLIKASI/RTLH/apps/web/n
ode_modules/vite/dist/node/
module-runner.js:1062:5)
      at SSRCompatModuleRun
ner.directRequest (file:///
D:/APLIKASI/RTLH/apps/web/n
ode_modules/vite/dist/node/
module-runner.js:1284:61)
      at SSRCompatModuleRun
ner.directRequest (file:///
D:/APLIKASI/RTLH/apps/web/n
ode_modules/vite/dist/node/
chunks/dep-D4NMHUTW.js:2527
4:23)
      at SSRCompatModuleRun
ner.cachedRequest (file:///
D:/APLIKASI/RTLH/apps/web/n
ode_modules/vite/dist/node/
module-runner.js:1180:76)
      at SSRCompatModuleRun
ner.import (file:///D:/APLI
KASI/RTLH/apps/web/node_mod
ules/vite/dist/node/module-
runner.js:1117:12)
      at instantiateModule 
(file:///D:/APLIKASI/RTLH/a
pps/web/node_modules/vite/d
ist/node/chunks/dep-D4NMHUT
W.js:25231:12)
      at loadModule (file:/
//D:/APLIKASI/RTLH/apps/web
/node_modules/@hono/vite-de
v-server/dist/dev-server.js
:109:29)
      at file:///D:/APLIKAS
I/RTLH/apps/web/node_module
s/@hono/vite-dev-server/dis
t/dev-server.js:126:19
[2m15.26.27[22m 
[31m[1m[vite][22m[39m 
[31mInternal server 
error: Cannot find package 
'hono' imported from D:\APL
IKASI\RTLH\apps\web\node_mo
dules\@hono\auth-js\dist\in
dex.js[39m
      at 
Object.getPackageJSONURL (n
ode:internal/modules/packag
e_json_reader:301:9)
      at packageResolve (no
de:internal/modules/esm/res
olve:768:81)
      at moduleResolve (nod
e:internal/modules/esm/reso
lve:859:18)
      at defaultResolve (no
de:internal/modules/esm/res
olve:991:11)
      at ModuleLoader.#cach
edDefaultResolve (node:inte
rnal/modules/esm/loader:719
:20)
      at ModuleLoader.#reso
lveAndMaybeBlockOnLoaderThr
ead (node:internal/modules/
esm/loader:736:38)
      at 
ModuleLoader.resolveSync (n
ode:internal/modules/esm/lo
ader:765:52)
      at 
ModuleLoader.#resolve (node
:internal/modules/esm/loade
r:701:17)
      at ModuleLoader.getOr
CreateModuleJob (node:inter
nal/modules/esm/loader:621:
35)
      at 
ModuleJob.syncLink (node:in
ternal/modules/esm/module_j
ob:160:33)
      at ModuleJob.link (no
de:internal/modules/esm/mod
ule_job:245:17)
      at new ModuleJob (nod
e:internal/modules/esm/modu
le_job:224:26)
      at ModuleLoader.#getO
rCreateModuleJobAfterResolv
e (node:internal/modules/es
m/loader:590:11)
      at afterResolve (node
:internal/modules/esm/loade
r:625:52)
      at ModuleLoader.getOr
CreateModuleJob (node:inter
nal/modules/esm/loader:631:
12)
      at onImport.traceProm
ise.__proto__ (node:interna
l/modules/esm/loader:650:32
)
      at TracingChannel.tra
cePromise (node:diagnostics
_channel:350:14)
      at 
ModuleLoader.import (node:i
nternal/modules/esm/loader:
646:21)
      at defaultImportModul
eDynamicallyForModule (node
:internal/modules/esm/utils
:225:31)
      at importModuleDynami
callyCallback (node:interna
l/modules/esm/utils:267:12)
      at ESModulesEvaluator
.runExternalModule (file://
/D:/APLIKASI/RTLH/apps/web/
node_modules/vite/dist/node
/module-runner.js:1079:19)
      at SSRCompatModuleRun
ner.directRequest (file:///
D:/APLIKASI/RTLH/apps/web/n
ode_modules/vite/dist/node/
module-runner.js:1233:45)
      at SSRCompatModuleRun
ner.directRequest (file:///
D:/APLIKASI/RTLH/apps/web/n
ode_modules/vite/dist/node/
chunks/dep-D4NMHUTW.js:2527
1:20)
      at SSRCompatModuleRun
ner.cachedRequest (file:///
D:/APLIKASI/RTLH/apps/web/n
ode_modules/vite/dist/node/
module-runner.js:1179:28)
      at request (file:///D
:/APLIKASI/RTLH/apps/web/no
de_modules/vite/dist/node/m
odule-runner.js:1228:79)
      at D:\APLIKASI\RTLH\a
pps\web\__create\index.ts:5
:1
      at ESModulesEvaluator
.runInlinedModule (file:///
D:/APLIKASI/RTLH/apps/web/n
ode_modules/vite/dist/node/
module-runner.js:1062:5)
      at SSRCompatModuleRun
ner.directRequest (file:///
D:/APLIKASI/RTLH/apps/web/n
ode_modules/vite/dist/node/
module-runner.js:1284:61)
      at SSRCompatModuleRun
ner.directRequest (file:///
D:/APLIKASI/RTLH/apps/web/n
ode_modules/vite/dist/node/
chunks/dep-D4NMHUTW.js:2527
4:23)
      at SSRCompatModuleRun
ner.cachedRequest (file:///
D:/APLIKASI/RTLH/apps/web/n
ode_modules/vite/dist/node/
module-runner.js:1180:76)
      at SSRCompatModuleRun
ner.import (file:///D:/APLI
KASI/RTLH/apps/web/node_mod
ules/vite/dist/node/module-
runner.js:1117:12)
      at instantiateModule 
(file:///D:/APLIKASI/RTLH/a
pps/web/node_modules/vite/d
ist/node/chunks/dep-D4NMHUT
W.js:25231:12)
      at loadModule (file:/
//D:/APLIKASI/RTLH/apps/web
/node_modules/@hono/vite-de
v-server/dist/dev-server.js
:109:29)
      at file:///D:/APLIKAS
I/RTLH/apps/web/node_module
s/@hono/vite-dev-server/dis
t/dev-server.js:126:19
[2m15.26.27[22m 
[31m[1m[vite][22m[39m 
[31mInternal server 
error: Cannot find package 
'hono' imported from D:\APL
IKASI\RTLH\apps\web\node_mo
dules\@hono\auth-js\dist\in
dex.js[39m
      at 
Object.getPackageJSONURL (n
ode:internal/modules/packag
e_json_reader:301:9)
      at packageResolve (no
de:internal/modules/esm/res
olve:768:81)
      at moduleResolve (nod
e:internal/modules/esm/reso
lve:859:18)
      at defaultResolve (no
de:internal/modules/esm/res
olve:991:11)
      at ModuleLoader.#cach
edDefaultResolve (node:inte
rnal/modules/esm/loader:719
:20)
      at ModuleLoader.#reso
lveAndMaybeBlockOnLoaderThr
ead (node:internal/modules/
esm/loader:736:38)
      at 
ModuleLoader.resolveSync (n
ode:internal/modules/esm/lo
ader:765:52)
      at 
ModuleLoader.#resolve (node
:internal/modules/esm/loade
r:701:17)
      at ModuleLoader.getOr
CreateModuleJob (node:inter
nal/modules/esm/loader:621:
35)
      at 
ModuleJob.syncLink (node:in
ternal/modules/esm/module_j
ob:160:33)
      at ModuleJob.link (no
de:internal/modules/esm/mod
ule_job:245:17)
      at new ModuleJob (nod
e:internal/modules/esm/modu
le_job:224:26)
      at ModuleLoader.#getO
rCreateModuleJobAfterResolv
e (node:internal/modules/es
m/loader:590:11)
      at afterResolve (node
:internal/modules/esm/loade
r:625:52)
      at ModuleLoader.getOr
CreateModuleJob (node:inter
nal/modules/esm/loader:631:
12)
      at onImport.traceProm
ise.__proto__ (node:interna
l/modules/esm/loader:650:32
)
      at TracingChannel.tra
cePromise (node:diagnostics
_channel:350:14)
      at 
ModuleLoader.import (node:i
nternal/modules/esm/loader:
646:21)
      at defaultImportModul
eDynamicallyForModule (node
:internal/modules/esm/utils
:225:31)
      at importModuleDynami
callyCallback (node:interna
l/modules/esm/utils:267:12)
      at ESModulesEvaluator
.runExternalModule (file://
/D:/APLIKASI/RTLH/apps/web/
node_modules/vite/dist/node
/module-runner.js:1079:19)
      at SSRCompatModuleRun
ner.directRequest (file:///
D:/APLIKASI/RTLH/apps/web/n
ode_modules/vite/dist/node/
module-runner.js:1233:45)
      at SSRCompatModuleRun
ner.directRequest (file:///
D:/APLIKASI/RTLH/apps/web/n
ode_modules/vite/dist/node/
chunks/dep-D4NMHUTW.js:2527
1:20)
      at SSRCompatModuleRun
ner.cachedRequest (file:///
D:/APLIKASI/RTLH/apps/web/n
ode_modules/vite/dist/node/
module-runner.js:1179:28)
      at request (file:///D
:/APLIKASI/RTLH/apps/web/no
de_modules/vite/dist/node/m
odule-runner.js:1228:79)
      at D:\APLIKASI\RTLH\a
pps\web\__create\index.ts:5
:1
      at ESModulesEvaluator
.runInlinedModule (file:///
D:/APLIKASI/RTLH/apps/web/n
ode_modules/vite/dist/node/
module-runner.js:1062:5)
      at SSRCompatModuleRun
ner.directRequest (file:///
D:/APLIKASI/RTLH/apps/web/n
ode_modules/vite/dist/node/
module-runner.js:1284:61)
      at SSRCompatModuleRun
ner.directRequest (file:///
D:/APLIKASI/RTLH/apps/web/n
ode_modules/vite/dist/node/
chunks/dep-D4NMHUTW.js:2527
4:23)
      at SSRCompatModuleRun
ner.cachedRequest (file:///
D:/APLIKASI/RTLH/apps/web/n
ode_modules/vite/dist/node/
module-runner.js:1180:76)
      at SSRCompatModuleRun
ner.import (file:///D:/APLI
KASI/RTLH/apps/web/node_mod
ules/vite/dist/node/module-
runner.js:1117:12)
      at instantiateModule 
(file:///D:/APLIKASI/RTLH/a
pps/web/node_modules/vite/d
ist/node/chunks/dep-D4NMHUT
W.js:25231:12)
      at loadModule (file:/
//D:/APLIKASI/RTLH/apps/web
/node_modules/@hono/vite-de
v-server/dist/dev-server.js
:109:29)
      at file:///D:/APLIKAS
I/RTLH/apps/web/node_module
s/@hono/vite-dev-server/dis
t/dev-server.js:126:19
[2m15.27.03[22m 
[31m[1m[vite][22m[39m 
[31mInternal server 
error: Cannot find package 
'hono' imported from D:\APL
IKASI\RTLH\apps\web\node_mo
dules\@hono\auth-js\dist\in
dex.js[39m
      at 
Object.getPackageJSONURL (n
ode:internal/modules/packag
e_json_reader:301:9)
      at packageResolve (no
de:internal/modules/esm/res
olve:768:81)
      at moduleResolve (nod
e:internal/modules/esm/reso
lve:859:18)
      at defaultResolve (no
de:internal/modules/esm/res
olve:991:11)
      at ModuleLoader.#cach
edDefaultResolve (node:inte
rnal/modules/esm/loader:719
:20)
      at ModuleLoader.#reso
lveAndMaybeBlockOnLoaderThr
ead (node:internal/modules/
esm/loader:736:38)
      at 
ModuleLoader.resolveSync (n
ode:internal/modules/esm/lo
ader:765:52)
      at 
ModuleLoader.#resolve (node
:internal/modules/esm/loade
r:701:17)
      at ModuleLoader.getOr
CreateModuleJob (node:inter
nal/modules/esm/loader:621:
35)
      at 
ModuleJob.syncLink (node:in
ternal/modules/esm/module_j
ob:160:33)
      at ModuleJob.link (no
de:internal/modules/esm/mod
ule_job:245:17)
      at new ModuleJob (nod
e:internal/modules/esm/modu
le_job:224:26)
      at ModuleLoader.#getO
rCreateModuleJobAfterResolv
e (node:internal/modules/es
m/loader:590:11)
      at afterResolve (node
:internal/modules/esm/loade
r:625:52)
      at ModuleLoader.getOr
CreateModuleJob (node:inter
nal/modules/esm/loader:631:
12)
      at onImport.traceProm
ise.__proto__ (node:interna
l/modules/esm/loader:650:32
)
      at TracingChannel.tra
cePromise (node:diagnostics
_channel:350:14)
      at 
ModuleLoader.import (node:i
nternal/modules/esm/loader:
646:21)
      at defaultImportModul
eDynamicallyForModule (node
:internal/modules/esm/utils
:225:31)
      at importModuleDynami
callyCallback (node:interna
l/modules/esm/utils:267:12)
      at ESModulesEvaluator
.runExternalModule (file://
/D:/APLIKASI/RTLH/apps/web/
node_modules/vite/dist/node
/module-runner.js:1079:19)
      at SSRCompatModuleRun
ner.directRequest (file:///
D:/APLIKASI/RTLH/apps/web/n
ode_modules/vite/dist/node/
module-runner.js:1233:45)
      at SSRCompatModuleRun
ner.directRequest (file:///
D:/APLIKASI/RTLH/apps/web/n
ode_modules/vite/dist/node/
chunks/dep-D4NMHUTW.js:2527
1:20)
      at SSRCompatModuleRun
ner.cachedRequest (file:///
D:/APLIKASI/RTLH/apps/web/n
ode_modules/vite/dist/node/
module-runner.js:1179:28)
      at request (file:///D
:/APLIKASI/RTLH/apps/web/no
de_modules/vite/dist/node/m
odule-runner.js:1228:79)
      at D:\APLIKASI\RTLH\a
pps\web\__create\index.ts:5
:1
      at ESModulesEvaluator
.runInlinedModule (file:///
D:/APLIKASI/RTLH/apps/web/n
ode_modules/vite/dist/node/
module-runner.js:1062:5)
      at SSRCompatModuleRun
ner.directRequest (file:///
D:/APLIKASI/RTLH/apps/web/n
ode_modules/vite/dist/node/
module-runner.js:1284:61)
      at SSRCompatModuleRun
ner.directRequest (file:///
D:/APLIKASI/RTLH/apps/web/n
ode_modules/vite/dist/node/
chunks/dep-D4NMHUTW.js:2527
4:23)
      at SSRCompatModuleRun
ner.cachedRequest (file:///
D:/APLIKASI/RTLH/apps/web/n
ode_modules/vite/dist/node/
module-runner.js:1180:76)
      at SSRCompatModuleRun
ner.import (file:///D:/APLI
KASI/RTLH/apps/web/node_mod
ules/vite/dist/node/module-
runner.js:1117:12)
      at instantiateModule 
(file:///D:/APLIKASI/RTLH/a
pps/web/node_modules/vite/d
ist/node/chunks/dep-D4NMHUT
W.js:25231:12)
      at loadModule (file:/
//D:/APLIKASI/RTLH/apps/web
/node_modules/@hono/vite-de
v-server/dist/dev-server.js
:109:29)
      at file:///D:/APLIKAS
I/RTLH/apps/web/node_module
s/@hono/vite-dev-server/dis
t/dev-server.js:126:19
[2m15.27.03[22m 
[31m[1m[vite][22m[39m 
[31mInternal server 
error: Cannot find package 
'hono' imported from D:\APL
IKASI\RTLH\apps\web\node_mo
dules\@hono\auth-js\dist\in
dex.js[39m
      at 
Object.getPackageJSONURL (n
ode:internal/modules/packag
e_json_reader:301:9)
      at packageResolve (no
de:internal/modules/esm/res
olve:768:81)
      at moduleResolve (nod
e:internal/modules/esm/reso
lve:859:18)
      at defaultResolve (no
de:internal/modules/esm/res
olve:991:11)
      at ModuleLoader.#cach
edDefaultResolve (node:inte
rnal/modules/esm/loader:719
:20)
      at ModuleLoader.#reso
lveAndMaybeBlockOnLoaderThr
ead (node:internal/modules/
esm/loader:736:38)
      at 
ModuleLoader.resolveSync (n
ode:internal/modules/esm/lo
ader:765:52)
      at 
ModuleLoader.#resolve (node
:internal/modules/esm/loade
r:701:17)
      at ModuleLoader.getOr
CreateModuleJob (node:inter
nal/modules/esm/loader:621:
35)
      at 
ModuleJob.syncLink (node:in
ternal/modules/esm/module_j
ob:160:33)
      at ModuleJob.link (no
de:internal/modules/esm/mod
ule_job:245:17)
      at new ModuleJob (nod
e:internal/modules/esm/modu
le_job:224:26)
      at ModuleLoader.#getO
rCreateModuleJobAfterResolv
e (node:internal/modules/es
m/loader:590:11)
      at afterResolve (node
:internal/modules/esm/loade
r:625:52)
      at ModuleLoader.getOr
CreateModuleJob (node:inter
nal/modules/esm/loader:631:
12)
      at onImport.traceProm
ise.__proto__ (node:interna
l/modules/esm/loader:650:32
)
      at TracingChannel.tra
cePromise (node:diagnostics
_channel:350:14)
      at 
ModuleLoader.import (node:i
nternal/modules/esm/loader:
646:21)
      at defaultImportModul
eDynamicallyForModule (node
:internal/modules/esm/utils
:225:31)
      at importModuleDynami
callyCallback (node:interna
l/modules/esm/utils:267:12)
      at ESModulesEvaluator
.runExternalModule (file://
/D:/APLIKASI/RTLH/apps/web/
node_modules/vite/dist/node
/module-runner.js:1079:19)
      at SSRCompatModuleRun
ner.directRequest (file:///
D:/APLIKASI/RTLH/apps/web/n
ode_modules/vite/dist/node/
module-runner.js:1233:45)
      at SSRCompatModuleRun
ner.directRequest (file:///
D:/APLIKASI/RTLH/apps/web/n
ode_modules/vite/dist/node/
chunks/dep-D4NMHUTW.js:2527
1:20)
      at SSRCompatModuleRun
ner.cachedRequest (file:///
D:/APLIKASI/RTLH/apps/web/n
ode_modules/vite/dist/node/
module-runner.js:1179:28)
      at request (file:///D
:/APLIKASI/RTLH/apps/web/no
de_modules/vite/dist/node/m
odule-runner.js:1228:79)
      at D:\APLIKASI\RTLH\a
pps\web\__create\index.ts:5
:1
      at ESModulesEvaluator
.runInlinedModule (file:///
D:/APLIKASI/RTLH/apps/web/n
ode_modules/vite/dist/node/
module-runner.js:1062:5)
      at SSRCompatModuleRun
ner.directRequest (file:///
D:/APLIKASI/RTLH/apps/web/n
ode_modules/vite/dist/node/
module-runner.js:1284:61)
      at SSRCompatModuleRun
ner.directRequest (file:///
D:/APLIKASI/RTLH/apps/web/n
ode_modules/vite/dist/node/
chunks/dep-D4NMHUTW.js:2527
4:23)
      at SSRCompatModuleRun
ner.cachedRequest (file:///
D:/APLIKASI/RTLH/apps/web/n
ode_modules/vite/dist/node/
module-runner.js:1180:76)
      at SSRCompatModuleRun
ner.import (file:///D:/APLI
KASI/RTLH/apps/web/node_mod
ules/vite/dist/node/module-
runner.js:1117:12)
      at instantiateModule 
(file:///D:/APLIKASI/RTLH/a
pps/web/node_modules/vite/d
ist/node/chunks/dep-D4NMHUT
W.js:25231:12)
      at loadModule (file:/
//D:/APLIKASI/RTLH/apps/web
/node_modules/@hono/vite-de
v-server/dist/dev-server.js
:109:29)
      at file:///D:/APLIKAS
I/RTLH/apps/web/node_module
s/@hono/vite-dev-server/dis
t/dev-server.js:126:19
